{
  message: '🔋 Database is connected',
  level: 'info',
  service: 'user-service',
  label: '✅rmstu😉',
  timestamp: '2023-06-05T18:02:15.473Z'
}
{
  message: 'Application is listening on port 4000',
  level: 'info',
  service: 'user-service',
  label: '✅rmstu😉',
  timestamp: '2023-06-05T18:02:15.483Z'
}
{
  message: '🔋 Database is connected',
  level: 'info',
  service: 'user-service',
  label: '✅rmstu😉',
  timestamp: '2023-06-05T18:04:39.607Z'
}
{
  message: 'Application is listening on port 4000',
  level: 'info',
  service: 'user-service',
  label: '✅rmstu😉',
  timestamp: '2023-06-05T18:04:39.615Z'
}
{
  message: '🔋 Database is connected',
  level: 'info',
  service: 'user-service',
  label: '✅rmstu😉',
  timestamp: '2023-06-05T18:04:52.047Z'
}
{
  message: 'Application is listening on port 4000',
  level: 'info',
  service: 'user-service',
  label: '✅rmstu😉',
  timestamp: '2023-06-05T18:04:52.061Z'
}
{
  message: '🔋 Database is connected',
  level: 'info',
  service: 'user-service',
  label: '✅rmstu😉',
  timestamp: '2023-06-05T18:05:33.336Z'
}
{
  message: 'Application is listening on port 4000',
  level: 'info',
  service: 'user-service',
  label: '✅rmstu😉',
  timestamp: '2023-06-05T18:05:33.344Z'
}
{
  message: '🔋 Database is connected',
  level: 'info',
  service: 'user-service',
  label: '✅rmstu😉',
  timestamp: '2023-06-05T18:06:33.460Z'
}
{
  message: 'Application is listening on port 4000',
  level: 'info',
  service: 'user-service',
  label: '✅rmstu😉',
  timestamp: '2023-06-05T18:06:33.464Z'
}
{
  message: '🔋 Database is connected',
  level: 'info',
  service: 'user-service',
  label: '✅rmstu😉',
  timestamp: '2023-06-05T18:09:22.298Z'
}
{
  message: 'Application is listening on port 4000',
  level: 'info',
  service: 'user-service',
  label: '✅rmstu😉',
  timestamp: '2023-06-05T18:09:22.307Z'
}
{
  message: '🔋 Database is connected',
  level: 'info',
  service: 'user-service',
  label: '✅rmstu😉',
  timestamp: '2023-06-05T18:10:19.668Z'
}
{
  message: 'Application is listening on port 4000',
  level: 'info',
  service: 'user-service',
  label: '✅rmstu😉',
  timestamp: '2023-06-05T18:10:19.675Z'
}
{
  message: '🔋 Database is connected',
  level: 'info',
  service: 'user-service',
  label: '✅rmstu😉',
  timestamp: '2023-06-05T18:10:32.436Z'
}
{
  message: 'Application is listening on port 4000',
  level: 'info',
  service: 'user-service',
  label: '✅rmstu😉',
  timestamp: '2023-06-05T18:10:32.447Z'
}
{
  message: '🔋 Database is connected',
  level: 'info',
  service: 'user-service',
  label: '✅rmstu😉',
  timestamp: '2023-06-05T18:10:45.798Z'
}
{
  message: 'Application is listening on port 4000',
  level: 'info',
  service: 'user-service',
  label: '✅rmstu😉',
  timestamp: '2023-06-05T18:10:45.806Z'
}
{
  message: '🔋 Database is connected',
  level: 'info',
  service: 'user-service',
  label: '✅rmstu😉',
  timestamp: '2023-06-05T18:10:53.268Z'
}
{
  message: 'Application is listening on port 4000',
  level: 'info',
  service: 'user-service',
  label: '✅rmstu😉',
  timestamp: '2023-06-05T18:10:53.277Z'
}
{
  message: '🔋 Database is connected',
  level: 'info',
  service: 'user-service',
  label: '✅rmstu😉',
  timestamp: '2023-06-05T18:11:13.143Z'
}
{
  message: 'Application is listening on port 4000',
  level: 'info',
  service: 'user-service',
  label: '✅rmstu😉',
  timestamp: '2023-06-05T18:11:13.153Z'
}
{
  message: '🔋 Database is connected',
  level: 'info',
  service: 'user-service',
  label: '✅rmstu😉',
  timestamp: '2023-06-05T18:11:48.347Z'
}
{
  message: 'Application is listening on port 4000',
  level: 'info',
  service: 'user-service',
  label: '✅rmstu😉',
  timestamp: '2023-06-05T18:11:48.361Z'
}
{
  message: '🔋 Database is connected',
  level: 'info',
  service: 'user-service',
  label: '✅rmstu😉',
  timestamp: '2023-06-05T18:12:10.185Z'
}
{
  message: 'Application is listening on port 4000',
  level: 'info',
  service: 'user-service',
  label: '✅rmstu😉',
  timestamp: '2023-06-05T18:12:10.195Z'
}
{
  message: '🔋 Database is connected',
  level: 'info',
  service: 'user-service',
  label: '✅rmstu😉',
  timestamp: '2023-06-05T18:12:50.301Z'
}
{
  message: 'Application is listening on port 4000',
  level: 'info',
  service: 'user-service',
  label: '✅rmstu😉',
  timestamp: '2023-06-05T18:12:50.312Z'
}
{
  message: '🔋 Database is connected',
  level: 'info',
  service: 'user-service',
  label: '✅rmstu😉',
  timestamp: '2023-06-05T18:13:29.624Z'
}
{
  message: 'Application is listening on port 4000',
  level: 'info',
  service: 'user-service',
  label: '✅rmstu😉',
  timestamp: '2023-06-05T18:13:29.630Z'
}
{
  message: '🔋 Database is connected',
  level: 'info',
  service: 'user-service',
  label: '✅rmstu😉',
  timestamp: '2023-06-05T18:13:34.657Z'
}
{
  message: 'Application is listening on port 4000',
  level: 'info',
  service: 'user-service',
  label: '✅rmstu😉',
  timestamp: '2023-06-05T18:13:34.663Z'
}
{
  message: '🔋 Database is connected',
  level: 'info',
  service: 'user-service',
  label: '✅rmstu😉',
  timestamp: '2023-06-05T18:13:38.909Z'
}
{
  message: 'Application is listening on port 4000',
  level: 'info',
  service: 'user-service',
  label: '✅rmstu😉',
  timestamp: '2023-06-05T18:13:38.914Z'
}
{
  message: '🔋 Database is connected',
  level: 'info',
  service: 'user-service',
  label: '✅rmstu😉',
  timestamp: '2023-06-05T18:13:43.967Z'
}
{
  message: 'Application is listening on port 4000',
  level: 'info',
  service: 'user-service',
  label: '✅rmstu😉',
  timestamp: '2023-06-05T18:13:43.970Z'
}
{
  message: '🔋 Database is connected',
  level: 'info',
  service: 'user-service',
  label: '✅rmstu😉',
  timestamp: '2023-06-05T18:13:47.651Z'
}
{
  message: 'Application is listening on port 4000',
  level: 'info',
  service: 'user-service',
  label: '✅rmstu😉',
  timestamp: '2023-06-05T18:13:47.659Z'
}
{
  message: '🔋 Database is connected',
  level: 'info',
  service: 'user-service',
  label: '✅rmstu😉',
  timestamp: '2023-06-05T18:13:57.575Z'
}
{
  message: 'Application is listening on port 4000',
  level: 'info',
  service: 'user-service',
  label: '✅rmstu😉',
  timestamp: '2023-06-05T18:13:57.586Z'
}
{
  message: '🔋 Database is connected',
  level: 'info',
  service: 'user-service',
  label: '✅rmstu😉',
  timestamp: '2023-06-05T18:14:17.501Z'
}
{
  message: 'Application is listening on port 4000',
  level: 'info',
  service: 'user-service',
  label: '✅rmstu😉',
  timestamp: '2023-06-05T18:14:17.513Z'
}
{
  message: '🔋 Database is connected',
  level: 'info',
  service: 'user-service',
  label: '✅rmstu😉',
  timestamp: '2023-06-05T18:15:40.602Z'
}
{
  message: 'Application is listening on port 4000',
  level: 'info',
  service: 'user-service',
  label: '✅rmstu😉',
  timestamp: '2023-06-05T18:15:40.613Z'
}
{
  message: '🔋 Database is connected',
  level: 'info',
  service: 'user-service',
  label: '✅rmstu😉',
  timestamp: '2023-06-05T18:18:04.461Z'
}
{
  message: 'Application is listening on port 4000',
  level: 'info',
  service: 'user-service',
  label: '✅rmstu😉',
  timestamp: '2023-06-05T18:18:04.467Z'
}
