{
  message: '🔋 Database is connected',
  level: 'info',
  service: 'user-service',
  label: '✅rmstu😉',
  timestamp: '2023-06-06T14:14:05.667Z'
}
{
  message: 'Application is listening on port 4000',
  level: 'info',
  service: 'user-service',
  label: '✅rmstu😉',
  timestamp: '2023-06-06T14:14:05.677Z'
}
{
  message: '🔋 Database is connected',
  level: 'info',
  service: 'user-service',
  label: '✅rmstu😉',
  timestamp: '2023-06-06T14:19:25.878Z'
}
{
  message: 'Application is listening on port 4000',
  level: 'info',
  service: 'user-service',
  label: '✅rmstu😉',
  timestamp: '2023-06-06T14:19:25.884Z'
}
{
  message: '🔋 Database is connected',
  level: 'info',
  service: 'user-service',
  label: '✅rmstu😉',
  timestamp: '2023-06-06T14:21:44.332Z'
}
{
  message: 'Application is listening on port 4000',
  level: 'info',
  service: 'user-service',
  label: '✅rmstu😉',
  timestamp: '2023-06-06T14:21:44.341Z'
}
{
  message: '🔋 Database is connected',
  level: 'info',
  service: 'user-service',
  label: '✅rmstu😉',
  timestamp: '2023-06-06T14:22:05.000Z'
}
{
  message: 'Application is listening on port 4000',
  level: 'info',
  service: 'user-service',
  label: '✅rmstu😉',
  timestamp: '2023-06-06T14:22:05.011Z'
}
{
  message: '🔋 Database is connected',
  level: 'info',
  service: 'user-service',
  label: '✅rmstu😉',
  timestamp: '2023-06-06T14:22:40.981Z'
}
{
  message: 'Application is listening on port 4000',
  level: 'info',
  service: 'user-service',
  label: '✅rmstu😉',
  timestamp: '2023-06-06T14:22:40.985Z'
}
{
  message: '🔋 Database is connected',
  level: 'info',
  service: 'user-service',
  label: '✅rmstu😉',
  timestamp: '2023-06-06T14:22:48.678Z'
}
{
  message: 'Application is listening on port 4000',
  level: 'info',
  service: 'user-service',
  label: '✅rmstu😉',
  timestamp: '2023-06-06T14:22:48.689Z'
}
{
  message: '🔋 Database is connected',
  level: 'info',
  service: 'user-service',
  label: '✅rmstu😉',
  timestamp: '2023-06-06T14:22:58.000Z'
}
{
  message: 'Application is listening on port 4000',
  level: 'info',
  service: 'user-service',
  label: '✅rmstu😉',
  timestamp: '2023-06-06T14:22:58.013Z'
}
{
  message: '🔋 Database is connected',
  level: 'info',
  service: 'user-service',
  label: '✅rmstu😉',
  timestamp: '2023-06-06T14:23:30.639Z'
}
{
  message: 'Application is listening on port 4000',
  level: 'info',
  service: 'user-service',
  label: '✅rmstu😉',
  timestamp: '2023-06-06T14:23:30.645Z'
}
{
  message: '🔋 Database is connected',
  level: 'info',
  service: 'user-service',
  label: '✅rmstu😉',
  timestamp: '2023-06-06T14:33:48.958Z'
}
{
  message: 'Application is listening on port 4000',
  level: 'info',
  service: 'user-service',
  label: '✅rmstu😉',
  timestamp: '2023-06-06T14:33:48.967Z'
}
{
  message: '🔋 Database is connected',
  level: 'info',
  service: 'user-service',
  label: '✅rmstu😉',
  timestamp: '2023-06-06T14:34:32.306Z'
}
{
  message: 'Application is listening on port 4000',
  level: 'info',
  service: 'user-service',
  label: '✅rmstu😉',
  timestamp: '2023-06-06T14:34:32.315Z'
}
{
  message: '🔋 Database is connected',
  level: 'info',
  service: 'user-service',
  label: '✅rmstu😉',
  timestamp: '2023-06-06T14:41:50.047Z'
}
{
  message: 'Application is listening on port 4000',
  level: 'info',
  service: 'user-service',
  label: '✅rmstu😉',
  timestamp: '2023-06-06T14:41:50.056Z'
}
{
  message: '🔋 Database is connected',
  level: 'info',
  service: 'user-service',
  label: '✅rmstu😉',
  timestamp: '2023-06-06T14:42:29.191Z'
}
{
  message: 'Application is listening on port 4000',
  level: 'info',
  service: 'user-service',
  label: '✅rmstu😉',
  timestamp: '2023-06-06T14:42:29.199Z'
}
{
  message: '🔋 Database is connected',
  level: 'info',
  service: 'user-service',
  label: '✅rmstu😉',
  timestamp: '2023-06-06T14:49:46.685Z'
}
{
  message: 'Application is listening on port 4000',
  level: 'info',
  service: 'user-service',
  label: '✅rmstu😉',
  timestamp: '2023-06-06T14:49:46.693Z'
}
{
  message: '🔋 Database is connected',
  level: 'info',
  service: 'user-service',
  label: '✅rmstu😉',
  timestamp: '2023-06-06T14:49:54.058Z'
}
{
  message: 'Application is listening on port 4000',
  level: 'info',
  service: 'user-service',
  label: '✅rmstu😉',
  timestamp: '2023-06-06T14:49:54.067Z'
}
{
  message: '🔋 Database is connected',
  level: 'info',
  service: 'user-service',
  label: '✅rmstu😉',
  timestamp: '2023-06-06T14:50:09.614Z'
}
{
  message: 'Application is listening on port 4000',
  level: 'info',
  service: 'user-service',
  label: '✅rmstu😉',
  timestamp: '2023-06-06T14:50:09.624Z'
}
Tue Jun 06 2023 20:51:21 GMT+0600 (Bangladesh Standard Time) 🕔 20: 51:21 [✅rmstu😉] info: 🔋 Database is connected
Tue Jun 06 2023 20:51:21 GMT+0600 (Bangladesh Standard Time) 🕔 20: 51:21 [✅rmstu😉] info: Application is listening on port 4000
Tue Jun 06 2023 20:51:46 GMT+0600 (Bangladesh Standard Time) 🕔 20: 51:46 [RMSTU] info: 🔋 Database is connected
Tue Jun 06 2023 20:51:46 GMT+0600 (Bangladesh Standard Time) 🕔 20: 51:46 [RMSTU] info: Application is listening on port 4000
undefined
undefined
Tue Jun 06 2023 20:52:09 GMT+0600 (Bangladesh Standard Time) 🕔 20: 52:9 [RMSTU] info: 🔋 Database is connected
Tue Jun 06 2023 20:52:09 GMT+0600 (Bangladesh Standard Time) 🕔 20: 52:9 [RMSTU] info: Application is listening on port 4000
Tue Jun 06 2023 20:52:37 GMT+0600 (Bangladesh Standard Time) 🕔 20: 52:37 [✅ RMSTU] info: 🔋 Database is connected
Tue Jun 06 2023 20:52:37 GMT+0600 (Bangladesh Standard Time) 🕔 20: 52:37 [✅ RMSTU] info: Application is listening on port 4000
Tue Jun 06 2023 20:56:48 GMT+0600 (Bangladesh Standard Time) 🕔 20: 56:48 [✅ RMSTU] info: 🔋 Database is connected
Tue Jun 06 2023 20:56:48 GMT+0600 (Bangladesh Standard Time) 🕔 20: 56:48 [✅ RMSTU] info: Application is listening on port 4000
