{
  message: '🔋 Database is connected',
  level: 'info',
  service: 'user-service',
  label: '✅rmstu😉',
  timestamp: '2023-06-05T16:07:22.849Z'
}
{
  message: 'Application is listening on port 4000',
  level: 'info',
  service: 'user-service',
  label: '✅rmstu😉',
  timestamp: '2023-06-05T16:07:22.858Z'
}
{
  message: '🔋 Database is connected',
  level: 'info',
  service: 'user-service',
  label: '✅rmstu😉',
  timestamp: '2023-06-05T16:07:29.599Z'
}
{
  message: 'Application is listening on port 4000',
  level: 'info',
  service: 'user-service',
  label: '✅rmstu😉',
  timestamp: '2023-06-05T16:07:29.611Z'
}
{
  message: '🔋 Database is connected',
  level: 'info',
  service: 'user-service',
  label: '✅rmstu😉',
  timestamp: '2023-06-05T16:11:27.011Z'
}
{
  message: 'Application is listening on port 4000',
  level: 'info',
  service: 'user-service',
  label: '✅rmstu😉',
  timestamp: '2023-06-05T16:11:27.021Z'
}
{
  message: '🔋 Database is connected',
  level: 'info',
  service: 'user-service',
  label: '✅rmstu😉',
  timestamp: '2023-06-05T16:12:04.903Z'
}
{
  message: 'Application is listening on port 4000',
  level: 'info',
  service: 'user-service',
  label: '✅rmstu😉',
  timestamp: '2023-06-05T16:12:04.915Z'
}
{
  message: '🔋 Database is connected',
  level: 'info',
  service: 'user-service',
  label: '✅rmstu😉',
  timestamp: '2023-06-05T16:12:53.128Z'
}
{
  message: 'Application is listening on port 4000',
  level: 'info',
  service: 'user-service',
  label: '✅rmstu😉',
  timestamp: '2023-06-05T16:12:53.136Z'
}
{
  message: '🔋 Database is connected',
  level: 'info',
  service: 'user-service',
  label: '✅rmstu😉',
  timestamp: '2023-06-05T16:14:48.331Z'
}
{
  message: 'Application is listening on port 4000',
  level: 'info',
  service: 'user-service',
  label: '✅rmstu😉',
  timestamp: '2023-06-05T16:14:48.340Z'
}
{
  message: '🔋 Database is connected',
  level: 'info',
  service: 'user-service',
  label: '✅rmstu😉',
  timestamp: '2023-06-05T16:15:22.737Z'
}
{
  message: 'Application is listening on port 4000',
  level: 'info',
  service: 'user-service',
  label: '✅rmstu😉',
  timestamp: '2023-06-05T16:15:22.749Z'
}
{
  message: '🔋 Database is connected',
  level: 'info',
  service: 'user-service',
  label: '✅rmstu😉',
  timestamp: '2023-06-05T16:16:55.903Z'
}
{
  message: 'Application is listening on port 4000',
  level: 'info',
  service: 'user-service',
  label: '✅rmstu😉',
  timestamp: '2023-06-05T16:16:55.911Z'
}
{
  message: '🔋 Database is connected',
  level: 'info',
  service: 'user-service',
  label: '✅rmstu😉',
  timestamp: '2023-06-05T16:17:22.830Z'
}
{
  message: 'Application is listening on port 4000',
  level: 'info',
  service: 'user-service',
  label: '✅rmstu😉',
  timestamp: '2023-06-05T16:17:22.837Z'
}
{
  message: '🔋 Database is connected',
  level: 'info',
  service: 'user-service',
  label: '✅rmstu😉',
  timestamp: '2023-06-05T16:18:47.802Z'
}
{
  message: 'Application is listening on port 4000',
  level: 'info',
  service: 'user-service',
  label: '✅rmstu😉',
  timestamp: '2023-06-05T16:18:47.808Z'
}
{
  message: '🔋 Database is connected',
  level: 'info',
  service: 'user-service',
  label: '✅rmstu😉',
  timestamp: '2023-06-05T16:18:53.413Z'
}
{
  message: 'Application is listening on port 4000',
  level: 'info',
  service: 'user-service',
  label: '✅rmstu😉',
  timestamp: '2023-06-05T16:18:53.421Z'
}
{
  message: '🔋 Database is connected',
  level: 'info',
  service: 'user-service',
  label: '✅rmstu😉',
  timestamp: '2023-06-05T16:19:20.785Z'
}
{
  message: 'Application is listening on port 4000',
  level: 'info',
  service: 'user-service',
  label: '✅rmstu😉',
  timestamp: '2023-06-05T16:19:20.799Z'
}
{
  message: '🔋 Database is connected',
  level: 'info',
  service: 'user-service',
  label: '✅rmstu😉',
  timestamp: '2023-06-05T16:19:58.365Z'
}
{
  message: 'Application is listening on port 4000',
  level: 'info',
  service: 'user-service',
  label: '✅rmstu😉',
  timestamp: '2023-06-05T16:19:58.376Z'
}
{
  message: '🔋 Database is connected',
  level: 'info',
  service: 'user-service',
  label: '✅rmstu😉',
  timestamp: '2023-06-05T16:20:28.364Z'
}
{
  message: 'Application is listening on port 4000',
  level: 'info',
  service: 'user-service',
  label: '✅rmstu😉',
  timestamp: '2023-06-05T16:20:28.369Z'
}
{
  message: '🔋 Database is connected',
  level: 'info',
  service: 'user-service',
  label: '✅rmstu😉',
  timestamp: '2023-06-05T16:23:05.343Z'
}
{
  message: 'Application is listening on port 4000',
  level: 'info',
  service: 'user-service',
  label: '✅rmstu😉',
  timestamp: '2023-06-05T16:23:05.352Z'
}
{
  message: '🔋 Database is connected',
  level: 'info',
  service: 'user-service',
  label: '✅rmstu😉',
  timestamp: '2023-06-05T16:24:01.761Z'
}
{
  message: 'Application is listening on port 4000',
  level: 'info',
  service: 'user-service',
  label: '✅rmstu😉',
  timestamp: '2023-06-05T16:24:01.770Z'
}
{
  message: '🔋 Database is connected',
  level: 'info',
  service: 'user-service',
  label: '✅rmstu😉',
  timestamp: '2023-06-05T16:24:24.299Z'
}
{
  message: 'Application is listening on port 4000',
  level: 'info',
  service: 'user-service',
  label: '✅rmstu😉',
  timestamp: '2023-06-05T16:24:24.311Z'
}
{
  message: '🔋 Database is connected',
  level: 'info',
  service: 'user-service',
  label: '✅rmstu😉',
  timestamp: '2023-06-05T16:24:48.153Z'
}
{
  message: 'Application is listening on port 4000',
  level: 'info',
  service: 'user-service',
  label: '✅rmstu😉',
  timestamp: '2023-06-05T16:24:48.162Z'
}
{
  message: '🔋 Database is connected',
  level: 'info',
  service: 'user-service',
  label: '✅rmstu😉',
  timestamp: '2023-06-05T16:24:55.111Z'
}
{
  message: 'Application is listening on port 4000',
  level: 'info',
  service: 'user-service',
  label: '✅rmstu😉',
  timestamp: '2023-06-05T16:24:55.116Z'
}
{
  message: '🔋 Database is connected',
  level: 'info',
  service: 'user-service',
  label: '✅rmstu😉',
  timestamp: '2023-06-05T16:25:10.473Z'
}
{
  message: 'Application is listening on port 4000',
  level: 'info',
  service: 'user-service',
  label: '✅rmstu😉',
  timestamp: '2023-06-05T16:25:10.478Z'
}
{
  message: '🔋 Database is connected',
  level: 'info',
  service: 'user-service',
  label: '✅rmstu😉',
  timestamp: '2023-06-05T16:25:23.688Z'
}
{
  message: 'Application is listening on port 4000',
  level: 'info',
  service: 'user-service',
  label: '✅rmstu😉',
  timestamp: '2023-06-05T16:25:23.698Z'
}
{
  message: '🔋 Database is connected',
  level: 'info',
  service: 'user-service',
  label: '✅rmstu😉',
  timestamp: '2023-06-05T16:25:30.030Z'
}
{
  message: 'Application is listening on port 4000',
  level: 'info',
  service: 'user-service',
  label: '✅rmstu😉',
  timestamp: '2023-06-05T16:25:30.036Z'
}
{
  message: '🔋 Database is connected',
  level: 'info',
  service: 'user-service',
  label: '✅rmstu😉',
  timestamp: '2023-06-05T16:25:36.178Z'
}
{
  message: 'Application is listening on port 4000',
  level: 'info',
  service: 'user-service',
  label: '✅rmstu😉',
  timestamp: '2023-06-05T16:25:36.185Z'
}
{
  message: '🔋 Database is connected',
  level: 'info',
  service: 'user-service',
  label: '✅rmstu😉',
  timestamp: '2023-06-05T16:25:52.338Z'
}
{
  message: 'Application is listening on port 4000',
  level: 'info',
  service: 'user-service',
  label: '✅rmstu😉',
  timestamp: '2023-06-05T16:25:52.343Z'
}
{
  message: '🔋 Database is connected',
  level: 'info',
  service: 'user-service',
  label: '✅rmstu😉',
  timestamp: '2023-06-05T16:26:13.424Z'
}
{
  message: 'Application is listening on port 4000',
  level: 'info',
  service: 'user-service',
  label: '✅rmstu😉',
  timestamp: '2023-06-05T16:26:13.433Z'
}
{
  message: '🔋 Database is connected',
  level: 'info',
  service: 'user-service',
  label: '✅rmstu😉',
  timestamp: '2023-06-05T16:26:19.507Z'
}
{
  message: 'Application is listening on port 4000',
  level: 'info',
  service: 'user-service',
  label: '✅rmstu😉',
  timestamp: '2023-06-05T16:26:19.512Z'
}
{
  message: '🔋 Database is connected',
  level: 'info',
  service: 'user-service',
  label: '✅rmstu😉',
  timestamp: '2023-06-05T16:26:35.662Z'
}
{
  message: 'Application is listening on port 4000',
  level: 'info',
  service: 'user-service',
  label: '✅rmstu😉',
  timestamp: '2023-06-05T16:26:35.672Z'
}
{
  message: '🔋 Database is connected',
  level: 'info',
  service: 'user-service',
  label: '✅rmstu😉',
  timestamp: '2023-06-05T16:27:12.131Z'
}
{
  message: 'Application is listening on port 4000',
  level: 'info',
  service: 'user-service',
  label: '✅rmstu😉',
  timestamp: '2023-06-05T16:27:12.141Z'
}
{
  message: '🔋 Database is connected',
  level: 'info',
  service: 'user-service',
  label: '✅rmstu😉',
  timestamp: '2023-06-05T16:27:17.913Z'
}
{
  message: 'Application is listening on port 4000',
  level: 'info',
  service: 'user-service',
  label: '✅rmstu😉',
  timestamp: '2023-06-05T16:27:17.919Z'
}
{
  message: '🔋 Database is connected',
  level: 'info',
  service: 'user-service',
  label: '✅rmstu😉',
  timestamp: '2023-06-05T16:27:27.585Z'
}
{
  message: 'Application is listening on port 4000',
  level: 'info',
  service: 'user-service',
  label: '✅rmstu😉',
  timestamp: '2023-06-05T16:27:27.593Z'
}
{
  message: '🔋 Database is connected',
  level: 'info',
  service: 'user-service',
  label: '✅rmstu😉',
  timestamp: '2023-06-05T16:27:44.585Z'
}
{
  message: 'Application is listening on port 4000',
  level: 'info',
  service: 'user-service',
  label: '✅rmstu😉',
  timestamp: '2023-06-05T16:27:44.594Z'
}
{
  message: '🔋 Database is connected',
  level: 'info',
  service: 'user-service',
  label: '✅rmstu😉',
  timestamp: '2023-06-05T16:27:55.555Z'
}
{
  message: 'Application is listening on port 4000',
  level: 'info',
  service: 'user-service',
  label: '✅rmstu😉',
  timestamp: '2023-06-05T16:27:55.566Z'
}
{
  message: '🔋 Database is connected',
  level: 'info',
  service: 'user-service',
  label: '✅rmstu😉',
  timestamp: '2023-06-05T16:27:58.914Z'
}
{
  message: 'Application is listening on port 4000',
  level: 'info',
  service: 'user-service',
  label: '✅rmstu😉',
  timestamp: '2023-06-05T16:27:58.918Z'
}
{
  message: '🔋 Database is connected',
  level: 'info',
  service: 'user-service',
  label: '✅rmstu😉',
  timestamp: '2023-06-05T16:29:09.371Z'
}
{
  message: 'Application is listening on port 4000',
  level: 'info',
  service: 'user-service',
  label: '✅rmstu😉',
  timestamp: '2023-06-05T16:29:09.382Z'
}
{
  message: '🔋 Database is connected',
  level: 'info',
  service: 'user-service',
  label: '✅rmstu😉',
  timestamp: '2023-06-05T16:29:42.136Z'
}
{
  message: 'Application is listening on port 4000',
  level: 'info',
  service: 'user-service',
  label: '✅rmstu😉',
  timestamp: '2023-06-05T16:29:42.142Z'
}
{
  message: '🔋 Database is connected',
  level: 'info',
  service: 'user-service',
  label: '✅rmstu😉',
  timestamp: '2023-06-05T16:29:49.008Z'
}
{
  message: 'Application is listening on port 4000',
  level: 'info',
  service: 'user-service',
  label: '✅rmstu😉',
  timestamp: '2023-06-05T16:29:49.014Z'
}
{
  message: '🔋 Database is connected',
  level: 'info',
  service: 'user-service',
  label: '✅rmstu😉',
  timestamp: '2023-06-05T16:29:55.356Z'
}
{
  message: 'Application is listening on port 4000',
  level: 'info',
  service: 'user-service',
  label: '✅rmstu😉',
  timestamp: '2023-06-05T16:29:55.367Z'
}
{
  message: '🔋 Database is connected',
  level: 'info',
  service: 'user-service',
  label: '✅rmstu😉',
  timestamp: '2023-06-05T16:30:12.132Z'
}
{
  message: 'Application is listening on port 4000',
  level: 'info',
  service: 'user-service',
  label: '✅rmstu😉',
  timestamp: '2023-06-05T16:30:12.144Z'
}
{
  message: '🔋 Database is connected',
  level: 'info',
  service: 'user-service',
  label: '✅rmstu😉',
  timestamp: '2023-06-05T16:30:23.719Z'
}
{
  message: 'Application is listening on port 4000',
  level: 'info',
  service: 'user-service',
  label: '✅rmstu😉',
  timestamp: '2023-06-05T16:30:23.733Z'
}
{
  message: '🔋 Database is connected',
  level: 'info',
  service: 'user-service',
  label: '✅rmstu😉',
  timestamp: '2023-06-05T16:31:21.002Z'
}
{
  message: 'Application is listening on port 4000',
  level: 'info',
  service: 'user-service',
  label: '✅rmstu😉',
  timestamp: '2023-06-05T16:31:21.014Z'
}
{
  message: '🔋 Database is connected',
  level: 'info',
  service: 'user-service',
  label: '✅rmstu😉',
  timestamp: '2023-06-05T16:31:38.614Z'
}
{
  message: 'Application is listening on port 4000',
  level: 'info',
  service: 'user-service',
  label: '✅rmstu😉',
  timestamp: '2023-06-05T16:31:38.627Z'
}
{
  message: '🔋 Database is connected',
  level: 'info',
  service: 'user-service',
  label: '✅rmstu😉',
  timestamp: '2023-06-05T16:33:53.981Z'
}
{
  message: 'Application is listening on port 4000',
  level: 'info',
  service: 'user-service',
  label: '✅rmstu😉',
  timestamp: '2023-06-05T16:33:53.987Z'
}
{
  message: '🔋 Database is connected',
  level: 'info',
  service: 'user-service',
  label: '✅rmstu😉',
  timestamp: '2023-06-05T16:35:49.184Z'
}
{
  message: 'Application is listening on port 4000',
  level: 'info',
  service: 'user-service',
  label: '✅rmstu😉',
  timestamp: '2023-06-05T16:35:49.190Z'
}
{
  message: '🔋 Database is connected',
  level: 'info',
  service: 'user-service',
  label: '✅rmstu😉',
  timestamp: '2023-06-05T16:36:02.089Z'
}
{
  message: 'Application is listening on port 4000',
  level: 'info',
  service: 'user-service',
  label: '✅rmstu😉',
  timestamp: '2023-06-05T16:36:02.101Z'
}
{
  message: '🔋 Database is connected',
  level: 'info',
  service: 'user-service',
  label: '✅rmstu😉',
  timestamp: '2023-06-05T16:36:16.432Z'
}
{
  message: 'Application is listening on port 4000',
  level: 'info',
  service: 'user-service',
  label: '✅rmstu😉',
  timestamp: '2023-06-05T16:36:16.439Z'
}
{
  message: '🔋 Database is connected',
  level: 'info',
  service: 'user-service',
  label: '✅rmstu😉',
  timestamp: '2023-06-05T16:36:26.840Z'
}
{
  message: 'Application is listening on port 4000',
  level: 'info',
  service: 'user-service',
  label: '✅rmstu😉',
  timestamp: '2023-06-05T16:36:26.844Z'
}
