{
  service: 'user-service',
  errno: undefined,
  code: 'ECONNREFUSED',
  syscall: 'querySrv',
  hostname: '_mongodb._tcp.cluster0.nnn0vgn.mongodb.net',
  level: 'error',
  message: 'Failed to connet to database querySrv ECONNREFUSED _mongodb._tcp.cluster0.nnn0vgn.mongodb.net',
  stack: 'Error: querySrv ECONNREFUSED _mongodb._tcp.cluster0.nnn0vgn.mongodb.net\n' +
    '    at QueryReqWrap.onresolve [as oncomplete] (node:internal/dns/promises:252:17)',
  label: '❗ error',
  timestamp: '2023-06-05T16:45:03.397Z'
}
{
  service: 'user-service',
  errno: undefined,
  code: 'ECONNREFUSED',
  syscall: 'querySrv',
  hostname: '_mongodb._tcp.cluster0.nnn0vgn.mongodb.net',
  level: 'error',
  message: 'Failed to connet to database querySrv ECONNREFUSED _mongodb._tcp.cluster0.nnn0vgn.mongodb.net',
  stack: 'Error: querySrv ECONNREFUSED _mongodb._tcp.cluster0.nnn0vgn.mongodb.net\n' +
    '    at QueryReqWrap.onresolve [as oncomplete] (node:internal/dns/promises:252:17)',
  label: '❗ error',
  timestamp: '2023-06-05T16:45:07.686Z'
}
{
  service: 'user-service',
  errno: undefined,
  code: 'ECONNREFUSED',
  syscall: 'querySrv',
  hostname: '_mongodb._tcp.cluster0.nnn0vgn.mongodb.net',
  level: 'error',
  message: 'Failed to connet to database querySrv ECONNREFUSED _mongodb._tcp.cluster0.nnn0vgn.mongodb.net',
  stack: 'Error: querySrv ECONNREFUSED _mongodb._tcp.cluster0.nnn0vgn.mongodb.net\n' +
    '    at QueryReqWrap.onresolve [as oncomplete] (node:internal/dns/promises:252:17)',
  label: '❗ error',
  timestamp: '2023-06-05T16:45:10.375Z'
}
{
  service: 'user-service',
  errno: undefined,
  code: 'ECONNREFUSED',
  syscall: 'querySrv',
  hostname: '_mongodb._tcp.cluster0.nnn0vgn.mongodb.net',
  level: 'error',
  message: 'Failed to connet to database querySrv ECONNREFUSED _mongodb._tcp.cluster0.nnn0vgn.mongodb.net',
  stack: 'Error: querySrv ECONNREFUSED _mongodb._tcp.cluster0.nnn0vgn.mongodb.net\n' +
    '    at QueryReqWrap.onresolve [as oncomplete] (node:internal/dns/promises:252:17)',
  label: '❗ error',
  timestamp: '2023-06-05T16:45:19.206Z'
}
{
  service: 'user-service',
  errno: undefined,
  code: 'ECONNREFUSED',
  syscall: 'querySrv',
  hostname: '_mongodb._tcp.cluster0.nnn0vgn.mongodb.net',
  level: 'error',
  message: 'Failed to connet to database querySrv ECONNREFUSED _mongodb._tcp.cluster0.nnn0vgn.mongodb.net',
  stack: 'Error: querySrv ECONNREFUSED _mongodb._tcp.cluster0.nnn0vgn.mongodb.net\n' +
    '    at QueryReqWrap.onresolve [as oncomplete] (node:internal/dns/promises:252:17)',
  label: '❗ error',
  timestamp: '2023-06-05T16:45:24.597Z'
}
{
  service: 'user-service',
  errno: undefined,
  code: 'ECONNREFUSED',
  syscall: 'querySrv',
  hostname: '_mongodb._tcp.cluster0.nnn0vgn.mongodb.net',
  level: 'error',
  message: 'Failed to connet to database querySrv ECONNREFUSED _mongodb._tcp.cluster0.nnn0vgn.mongodb.net',
  stack: 'Error: querySrv ECONNREFUSED _mongodb._tcp.cluster0.nnn0vgn.mongodb.net\n' +
    '    at QueryReqWrap.onresolve [as oncomplete] (node:internal/dns/promises:252:17)',
  label: '❗ error',
  timestamp: '2023-06-05T16:45:25.702Z'
}
{
  service: 'user-service',
  errno: undefined,
  code: 'ECONNREFUSED',
  syscall: 'querySrv',
  hostname: '_mongodb._tcp.cluster0.nnn0vgn.mongodb.net',
  level: 'error',
  message: 'Failed to connet to database querySrv ECONNREFUSED _mongodb._tcp.cluster0.nnn0vgn.mongodb.net',
  stack: 'Error: querySrv ECONNREFUSED _mongodb._tcp.cluster0.nnn0vgn.mongodb.net\n' +
    '    at QueryReqWrap.onresolve [as oncomplete] (node:internal/dns/promises:252:17)',
  label: '❗ error',
  timestamp: '2023-06-05T16:45:32.138Z'
}
{
  service: 'user-service',
  errno: undefined,
  code: 'ECONNREFUSED',
  syscall: 'querySrv',
  hostname: '_mongodb._tcp.cluster0.nnn0vgn.mongodb.net',
  level: 'error',
  message: 'Failed to connet to database querySrv ECONNREFUSED _mongodb._tcp.cluster0.nnn0vgn.mongodb.net',
  stack: 'Error: querySrv ECONNREFUSED _mongodb._tcp.cluster0.nnn0vgn.mongodb.net\n' +
    '    at QueryReqWrap.onresolve [as oncomplete] (node:internal/dns/promises:252:17)',
  label: '❗ error',
  timestamp: '2023-06-05T16:45:33.286Z'
}
{
  service: 'user-service',
  errno: undefined,
  code: 'ECONNREFUSED',
  syscall: 'querySrv',
  hostname: '_mongodb._tcp.cluster0.nnn0vgn.mongodb.net',
  level: 'error',
  message: 'Failed to connet to database querySrv ECONNREFUSED _mongodb._tcp.cluster0.nnn0vgn.mongodb.net',
  stack: 'Error: querySrv ECONNREFUSED _mongodb._tcp.cluster0.nnn0vgn.mongodb.net\n' +
    '    at QueryReqWrap.onresolve [as oncomplete] (node:internal/dns/promises:252:17)',
  label: '❗ error',
  timestamp: '2023-06-05T16:45:51.897Z'
}
{
  service: 'user-service',
  errno: undefined,
  code: 'ECONNREFUSED',
  syscall: 'querySrv',
  hostname: '_mongodb._tcp.cluster0.nnn0vgn.mongodb.net',
  level: 'error',
  message: 'Failed to connet to database querySrv ECONNREFUSED _mongodb._tcp.cluster0.nnn0vgn.mongodb.net',
  stack: 'Error: querySrv ECONNREFUSED _mongodb._tcp.cluster0.nnn0vgn.mongodb.net\n' +
    '    at QueryReqWrap.onresolve [as oncomplete] (node:internal/dns/promises:252:17)',
  label: '❗ error',
  timestamp: '2023-06-05T16:46:22.417Z'
}
{
  service: 'user-service',
  errno: undefined,
  code: 'ECONNREFUSED',
  syscall: 'querySrv',
  hostname: '_mongodb._tcp.cluster0.nnn0vgn.mongodb.net',
  level: 'error',
  message: 'Failed to connet to database querySrv ECONNREFUSED _mongodb._tcp.cluster0.nnn0vgn.mongodb.net',
  stack: 'Error: querySrv ECONNREFUSED _mongodb._tcp.cluster0.nnn0vgn.mongodb.net\n' +
    '    at QueryReqWrap.onresolve [as oncomplete] (node:internal/dns/promises:252:17)',
  label: '❗ error',
  timestamp: '2023-06-05T16:46:24.644Z'
}
{
  service: 'user-service',
  errno: undefined,
  code: 'ECONNREFUSED',
  syscall: 'querySrv',
  hostname: '_mongodb._tcp.cluster0.nnn0vgn.mongodb.net',
  level: 'error',
  message: 'Failed to connet to database querySrv ECONNREFUSED _mongodb._tcp.cluster0.nnn0vgn.mongodb.net',
  stack: 'Error: querySrv ECONNREFUSED _mongodb._tcp.cluster0.nnn0vgn.mongodb.net\n' +
    '    at QueryReqWrap.onresolve [as oncomplete] (node:internal/dns/promises:252:17)',
  label: '❗ error',
  timestamp: '2023-06-05T16:46:26.434Z'
}
{
  service: 'user-service',
  errno: undefined,
  code: 'ECONNREFUSED',
  syscall: 'querySrv',
  hostname: '_mongodb._tcp.cluster0.nnn0vgn.mongodb.net',
  level: 'error',
  message: 'Failed to connet to database querySrv ECONNREFUSED _mongodb._tcp.cluster0.nnn0vgn.mongodb.net',
  stack: 'Error: querySrv ECONNREFUSED _mongodb._tcp.cluster0.nnn0vgn.mongodb.net\n' +
    '    at QueryReqWrap.onresolve [as oncomplete] (node:internal/dns/promises:252:17)',
  label: '❗ error',
  timestamp: '2023-06-05T16:46:33.023Z'
}
{
  service: 'user-service',
  errno: undefined,
  code: 'ECONNREFUSED',
  syscall: 'querySrv',
  hostname: '_mongodb._tcp.cluster0.nnn0vgn.mongodb.net',
  level: 'error',
  message: 'Failed to connet to database querySrv ECONNREFUSED _mongodb._tcp.cluster0.nnn0vgn.mongodb.net',
  stack: 'Error: querySrv ECONNREFUSED _mongodb._tcp.cluster0.nnn0vgn.mongodb.net\n' +
    '    at QueryReqWrap.onresolve [as oncomplete] (node:internal/dns/promises:252:17)',
  label: '❗ error',
  timestamp: '2023-06-05T16:46:59.522Z'
}
{
  service: 'user-service',
  errno: undefined,
  code: 'ECONNREFUSED',
  syscall: 'querySrv',
  hostname: '_mongodb._tcp.cluster0.nnn0vgn.mongodb.net',
  level: 'error',
  message: 'Failed to connet to database querySrv ECONNREFUSED _mongodb._tcp.cluster0.nnn0vgn.mongodb.net',
  stack: 'Error: querySrv ECONNREFUSED _mongodb._tcp.cluster0.nnn0vgn.mongodb.net\n' +
    '    at QueryReqWrap.onresolve [as oncomplete] (node:internal/dns/promises:252:17)',
  label: '❗ error',
  timestamp: '2023-06-05T16:47:51.385Z'
}
{
  service: 'user-service',
  errno: undefined,
  code: 'ECONNREFUSED',
  syscall: 'querySrv',
  hostname: '_mongodb._tcp.cluster0.nnn0vgn.mongodb.net',
  level: 'error',
  message: 'Failed to connet to database querySrv ECONNREFUSED _mongodb._tcp.cluster0.nnn0vgn.mongodb.net',
  stack: 'Error: querySrv ECONNREFUSED _mongodb._tcp.cluster0.nnn0vgn.mongodb.net\n' +
    '    at QueryReqWrap.onresolve [as oncomplete] (node:internal/dns/promises:252:17)',
  label: '❗ error',
  timestamp: '2023-06-05T16:47:56.674Z'
}
{
  service: 'user-service',
  errno: undefined,
  code: 'ECONNREFUSED',
  syscall: 'querySrv',
  hostname: '_mongodb._tcp.cluster0.nnn0vgn.mongodb.net',
  level: 'error',
  message: 'Failed to connet to database querySrv ECONNREFUSED _mongodb._tcp.cluster0.nnn0vgn.mongodb.net',
  stack: 'Error: querySrv ECONNREFUSED _mongodb._tcp.cluster0.nnn0vgn.mongodb.net\n' +
    '    at QueryReqWrap.onresolve [as oncomplete] (node:internal/dns/promises:252:17)',
  label: '❗ error',
  timestamp: '2023-06-05T16:48:00.875Z'
}
{
  service: 'user-service',
  errno: undefined,
  code: 'ECONNREFUSED',
  syscall: 'querySrv',
  hostname: '_mongodb._tcp.cluster0.nnn0vgn.mongodb.net',
  level: 'error',
  message: 'Failed to connet to database querySrv ECONNREFUSED _mongodb._tcp.cluster0.nnn0vgn.mongodb.net',
  stack: 'Error: querySrv ECONNREFUSED _mongodb._tcp.cluster0.nnn0vgn.mongodb.net\n' +
    '    at QueryReqWrap.onresolve [as oncomplete] (node:internal/dns/promises:252:17)',
  label: '❗ error',
  timestamp: '2023-06-05T16:48:19.395Z'
}
{
  service: 'user-service',
  errno: undefined,
  code: 'ECONNREFUSED',
  syscall: 'querySrv',
  hostname: '_mongodb._tcp.cluster0.nnn0vgn.mongodb.net',
  level: 'error',
  message: 'Failed to connet to database querySrv ECONNREFUSED _mongodb._tcp.cluster0.nnn0vgn.mongodb.net',
  stack: 'Error: querySrv ECONNREFUSED _mongodb._tcp.cluster0.nnn0vgn.mongodb.net\n' +
    '    at QueryReqWrap.onresolve [as oncomplete] (node:internal/dns/promises:252:17)',
  label: '❗ error',
  timestamp: '2023-06-05T16:48:21.807Z'
}
{
  service: 'user-service',
  errno: undefined,
  code: 'ECONNREFUSED',
  syscall: 'querySrv',
  hostname: '_mongodb._tcp.cluster0.nnn0vgn.mongodb.net',
  level: 'error',
  message: 'Failed to connet to database querySrv ECONNREFUSED _mongodb._tcp.cluster0.nnn0vgn.mongodb.net',
  stack: 'Error: querySrv ECONNREFUSED _mongodb._tcp.cluster0.nnn0vgn.mongodb.net\n' +
    '    at QueryReqWrap.onresolve [as oncomplete] (node:internal/dns/promises:252:17)',
  label: '❗ error',
  timestamp: '2023-06-05T16:48:22.869Z'
}
{
  service: 'user-service',
  errno: undefined,
  code: 'ECONNREFUSED',
  syscall: 'querySrv',
  hostname: '_mongodb._tcp.cluster0.nnn0vgn.mongodb.net',
  level: 'error',
  message: 'Failed to connet to database querySrv ECONNREFUSED _mongodb._tcp.cluster0.nnn0vgn.mongodb.net',
  stack: 'Error: querySrv ECONNREFUSED _mongodb._tcp.cluster0.nnn0vgn.mongodb.net\n' +
    '    at QueryReqWrap.onresolve [as oncomplete] (node:internal/dns/promises:252:17)',
  label: '❗ error',
  timestamp: '2023-06-05T16:48:27.503Z'
}
{
  service: 'user-service',
  errno: undefined,
  code: 'ECONNREFUSED',
  syscall: 'querySrv',
  hostname: '_mongodb._tcp.cluster0.nnn0vgn.mongodb.net',
  level: 'error',
  message: 'Failed to connet to database querySrv ECONNREFUSED _mongodb._tcp.cluster0.nnn0vgn.mongodb.net',
  stack: 'Error: querySrv ECONNREFUSED _mongodb._tcp.cluster0.nnn0vgn.mongodb.net\n' +
    '    at QueryReqWrap.onresolve [as oncomplete] (node:internal/dns/promises:252:17)',
  label: '❗ error',
  timestamp: '2023-06-05T16:48:32.128Z'
}
{
  service: 'user-service',
  errno: undefined,
  code: 'ECONNREFUSED',
  syscall: 'querySrv',
  hostname: '_mongodb._tcp.cluster0.nnn0vgn.mongodb.net',
  level: 'error',
  message: 'Failed to connet to database querySrv ECONNREFUSED _mongodb._tcp.cluster0.nnn0vgn.mongodb.net',
  stack: 'Error: querySrv ECONNREFUSED _mongodb._tcp.cluster0.nnn0vgn.mongodb.net\n' +
    '    at QueryReqWrap.onresolve [as oncomplete] (node:internal/dns/promises:252:17)',
  label: '❗ error',
  timestamp: '2023-06-05T16:48:50.363Z'
}
{
  service: 'user-service',
  errno: undefined,
  code: 'ECONNREFUSED',
  syscall: 'querySrv',
  hostname: '_mongodb._tcp.cluster0.nnn0vgn.mongodb.net',
  level: 'error',
  message: 'Failed to connet to database querySrv ECONNREFUSED _mongodb._tcp.cluster0.nnn0vgn.mongodb.net',
  stack: 'Error: querySrv ECONNREFUSED _mongodb._tcp.cluster0.nnn0vgn.mongodb.net\n' +
    '    at QueryReqWrap.onresolve [as oncomplete] (node:internal/dns/promises:252:17)',
  label: '❗ error',
  timestamp: '2023-06-05T16:48:52.291Z'
}
{
  service: 'user-service',
  errno: undefined,
  code: 'ECONNREFUSED',
  syscall: 'querySrv',
  hostname: '_mongodb._tcp.cluster0.nnn0vgn.mongodb.net',
  level: 'error',
  message: 'Failed to connet to database querySrv ECONNREFUSED _mongodb._tcp.cluster0.nnn0vgn.mongodb.net',
  stack: 'Error: querySrv ECONNREFUSED _mongodb._tcp.cluster0.nnn0vgn.mongodb.net\n' +
    '    at QueryReqWrap.onresolve [as oncomplete] (node:internal/dns/promises:252:17)',
  label: '❗ error',
  timestamp: '2023-06-05T16:48:56.386Z'
}
{
  service: 'user-service',
  errno: undefined,
  code: 'ECONNREFUSED',
  syscall: 'querySrv',
  hostname: '_mongodb._tcp.cluster0.nnn0vgn.mongodb.net',
  level: 'error',
  message: 'Failed to connet to database querySrv ECONNREFUSED _mongodb._tcp.cluster0.nnn0vgn.mongodb.net',
  stack: 'Error: querySrv ECONNREFUSED _mongodb._tcp.cluster0.nnn0vgn.mongodb.net\n' +
    '    at QueryReqWrap.onresolve [as oncomplete] (node:internal/dns/promises:252:17)',
  label: '❗ error',
  timestamp: '2023-06-05T16:48:57.721Z'
}
{
  service: 'user-service',
  errno: undefined,
  code: 'ECONNREFUSED',
  syscall: 'querySrv',
  hostname: '_mongodb._tcp.cluster0.nnn0vgn.mongodb.net',
  level: 'error',
  message: 'Failed to connet to database querySrv ECONNREFUSED _mongodb._tcp.cluster0.nnn0vgn.mongodb.net',
  stack: 'Error: querySrv ECONNREFUSED _mongodb._tcp.cluster0.nnn0vgn.mongodb.net\n' +
    '    at QueryReqWrap.onresolve [as oncomplete] (node:internal/dns/promises:252:17)',
  label: '❗ error',
  timestamp: '2023-06-05T16:48:59.530Z'
}
{
  service: 'user-service',
  errno: undefined,
  code: 'ECONNREFUSED',
  syscall: 'querySrv',
  hostname: '_mongodb._tcp.cluster0.nnn0vgn.mongodb.net',
  level: 'error',
  message: 'Failed to connet to database querySrv ECONNREFUSED _mongodb._tcp.cluster0.nnn0vgn.mongodb.net',
  stack: 'Error: querySrv ECONNREFUSED _mongodb._tcp.cluster0.nnn0vgn.mongodb.net\n' +
    '    at QueryReqWrap.onresolve [as oncomplete] (node:internal/dns/promises:252:17)',
  label: '❗ error',
  timestamp: '2023-06-05T16:49:03.843Z'
}
{
  service: 'user-service',
  errno: undefined,
  code: 'ECONNREFUSED',
  syscall: 'querySrv',
  hostname: '_mongodb._tcp.cluster0.nnn0vgn.mongodb.net',
  level: 'error',
  message: 'Failed to connet to database querySrv ECONNREFUSED _mongodb._tcp.cluster0.nnn0vgn.mongodb.net',
  stack: 'Error: querySrv ECONNREFUSED _mongodb._tcp.cluster0.nnn0vgn.mongodb.net\n' +
    '    at QueryReqWrap.onresolve [as oncomplete] (node:internal/dns/promises:252:17)',
  label: '❗ error',
  timestamp: '2023-06-05T16:50:03.648Z'
}
{
  service: 'user-service',
  errno: undefined,
  code: 'ECONNREFUSED',
  syscall: 'querySrv',
  hostname: '_mongodb._tcp.cluster0.nnn0vgn.mongodb.net',
  level: 'error',
  message: 'Failed to connet to database querySrv ECONNREFUSED _mongodb._tcp.cluster0.nnn0vgn.mongodb.net',
  stack: 'Error: querySrv ECONNREFUSED _mongodb._tcp.cluster0.nnn0vgn.mongodb.net\n' +
    '    at QueryReqWrap.onresolve [as oncomplete] (node:internal/dns/promises:252:17)',
  label: '❗ error',
  timestamp: '2023-06-05T16:50:13.555Z'
}
{
  service: 'user-service',
  errno: undefined,
  code: 'ECONNREFUSED',
  syscall: 'querySrv',
  hostname: '_mongodb._tcp.cluster0.nnn0vgn.mongodb.net',
  level: 'error',
  message: 'Failed to connet to database querySrv ECONNREFUSED _mongodb._tcp.cluster0.nnn0vgn.mongodb.net',
  stack: 'Error: querySrv ECONNREFUSED _mongodb._tcp.cluster0.nnn0vgn.mongodb.net\n' +
    '    at QueryReqWrap.onresolve [as oncomplete] (node:internal/dns/promises:252:17)',
  label: '❗ error',
  timestamp: '2023-06-05T16:50:23.870Z'
}
{
  service: 'user-service',
  errno: undefined,
  code: 'ECONNREFUSED',
  syscall: 'querySrv',
  hostname: '_mongodb._tcp.cluster0.nnn0vgn.mongodb.net',
  level: 'error',
  message: 'Failed to connet to database querySrv ECONNREFUSED _mongodb._tcp.cluster0.nnn0vgn.mongodb.net',
  stack: 'Error: querySrv ECONNREFUSED _mongodb._tcp.cluster0.nnn0vgn.mongodb.net\n' +
    '    at QueryReqWrap.onresolve [as oncomplete] (node:internal/dns/promises:252:17)',
  label: '❗ error',
  timestamp: '2023-06-05T16:51:33.350Z'
}
{
  service: 'user-service',
  errno: undefined,
  code: 'ECONNREFUSED',
  syscall: 'querySrv',
  hostname: '_mongodb._tcp.cluster0.nnn0vgn.mongodb.net',
  level: 'error',
  message: 'Failed to connet to database querySrv ECONNREFUSED _mongodb._tcp.cluster0.nnn0vgn.mongodb.net',
  stack: 'Error: querySrv ECONNREFUSED _mongodb._tcp.cluster0.nnn0vgn.mongodb.net\n' +
    '    at QueryReqWrap.onresolve [as oncomplete] (node:internal/dns/promises:252:17)',
  label: '❗ error',
  timestamp: '2023-06-05T16:51:35.639Z'
}
{
  service: 'user-service',
  errno: undefined,
  code: 'ECONNREFUSED',
  syscall: 'querySrv',
  hostname: '_mongodb._tcp.cluster0.nnn0vgn.mongodb.net',
  level: 'error',
  message: 'Failed to connet to database querySrv ECONNREFUSED _mongodb._tcp.cluster0.nnn0vgn.mongodb.net',
  stack: 'Error: querySrv ECONNREFUSED _mongodb._tcp.cluster0.nnn0vgn.mongodb.net\n' +
    '    at QueryReqWrap.onresolve [as oncomplete] (node:internal/dns/promises:252:17)',
  label: '❗ error',
  timestamp: '2023-06-05T16:51:47.072Z'
}
{
  service: 'user-service',
  errno: undefined,
  code: 'ECONNREFUSED',
  syscall: 'querySrv',
  hostname: '_mongodb._tcp.cluster0.nnn0vgn.mongodb.net',
  level: 'error',
  message: 'Failed to connet to database querySrv ECONNREFUSED _mongodb._tcp.cluster0.nnn0vgn.mongodb.net',
  stack: 'Error: querySrv ECONNREFUSED _mongodb._tcp.cluster0.nnn0vgn.mongodb.net\n' +
    '    at QueryReqWrap.onresolve [as oncomplete] (node:internal/dns/promises:252:17)',
  label: '❗ error',
  timestamp: '2023-06-05T16:51:52.418Z'
}
{
  service: 'user-service',
  errno: undefined,
  code: 'ECONNREFUSED',
  syscall: 'querySrv',
  hostname: '_mongodb._tcp.cluster0.nnn0vgn.mongodb.net',
  level: 'error',
  message: 'Failed to connet to database querySrv ECONNREFUSED _mongodb._tcp.cluster0.nnn0vgn.mongodb.net',
  stack: 'Error: querySrv ECONNREFUSED _mongodb._tcp.cluster0.nnn0vgn.mongodb.net\n' +
    '    at QueryReqWrap.onresolve [as oncomplete] (node:internal/dns/promises:252:17)',
  label: '❗ error',
  timestamp: '2023-06-05T16:52:28.750Z'
}
{
  service: 'user-service',
  errno: undefined,
  code: 'ECONNREFUSED',
  syscall: 'querySrv',
  hostname: '_mongodb._tcp.cluster0.nnn0vgn.mongodb.net',
  level: 'error',
  message: 'Failed to connet to database querySrv ECONNREFUSED _mongodb._tcp.cluster0.nnn0vgn.mongodb.net',
  stack: 'Error: querySrv ECONNREFUSED _mongodb._tcp.cluster0.nnn0vgn.mongodb.net\n' +
    '    at QueryReqWrap.onresolve [as oncomplete] (node:internal/dns/promises:252:17)',
  label: '❗ error',
  timestamp: '2023-06-05T16:52:35.244Z'
}
{
  service: 'user-service',
  errno: undefined,
  code: 'ECONNREFUSED',
  syscall: 'querySrv',
  hostname: '_mongodb._tcp.cluster0.nnn0vgn.mongodb.net',
  level: 'error',
  message: 'Failed to connet to database querySrv ECONNREFUSED _mongodb._tcp.cluster0.nnn0vgn.mongodb.net',
  stack: 'Error: querySrv ECONNREFUSED _mongodb._tcp.cluster0.nnn0vgn.mongodb.net\n' +
    '    at QueryReqWrap.onresolve [as oncomplete] (node:internal/dns/promises:252:17)',
  label: '❗ error',
  timestamp: '2023-06-05T16:52:36.640Z'
}
{
  service: 'user-service',
  errno: undefined,
  code: 'ECONNREFUSED',
  syscall: 'querySrv',
  hostname: '_mongodb._tcp.cluster0.nnn0vgn.mongodb.net',
  level: 'error',
  message: 'Failed to connet to database querySrv ECONNREFUSED _mongodb._tcp.cluster0.nnn0vgn.mongodb.net',
  stack: 'Error: querySrv ECONNREFUSED _mongodb._tcp.cluster0.nnn0vgn.mongodb.net\n' +
    '    at QueryReqWrap.onresolve [as oncomplete] (node:internal/dns/promises:252:17)',
  label: '❗ error',
  timestamp: '2023-06-05T16:52:42.045Z'
}
{
  service: 'user-service',
  errno: undefined,
  code: 'ECONNREFUSED',
  syscall: 'querySrv',
  hostname: '_mongodb._tcp.cluster0.nnn0vgn.mongodb.net',
  level: 'error',
  message: 'Failed to connet to database querySrv ECONNREFUSED _mongodb._tcp.cluster0.nnn0vgn.mongodb.net',
  stack: 'Error: querySrv ECONNREFUSED _mongodb._tcp.cluster0.nnn0vgn.mongodb.net\n' +
    '    at QueryReqWrap.onresolve [as oncomplete] (node:internal/dns/promises:252:17)',
  label: '❗ error',
  timestamp: '2023-06-05T16:52:50.313Z'
}
{
  service: 'user-service',
  errno: undefined,
  code: 'ECONNREFUSED',
  syscall: 'querySrv',
  hostname: '_mongodb._tcp.cluster0.nnn0vgn.mongodb.net',
  level: 'error',
  message: 'Failed to connet to database querySrv ECONNREFUSED _mongodb._tcp.cluster0.nnn0vgn.mongodb.net',
  stack: 'Error: querySrv ECONNREFUSED _mongodb._tcp.cluster0.nnn0vgn.mongodb.net\n' +
    '    at QueryReqWrap.onresolve [as oncomplete] (node:internal/dns/promises:252:17)',
  label: '❗ error',
  timestamp: '2023-06-05T16:53:03.899Z'
}
{
  service: 'user-service',
  errno: undefined,
  code: 'ECONNREFUSED',
  syscall: 'querySrv',
  hostname: '_mongodb._tcp.cluster0.nnn0vgn.mongodb.net',
  level: 'error',
  message: 'Failed to connet to database querySrv ECONNREFUSED _mongodb._tcp.cluster0.nnn0vgn.mongodb.net',
  stack: 'Error: querySrv ECONNREFUSED _mongodb._tcp.cluster0.nnn0vgn.mongodb.net\n' +
    '    at QueryReqWrap.onresolve [as oncomplete] (node:internal/dns/promises:252:17)',
  label: '❗ error',
  timestamp: '2023-06-05T16:53:06.626Z'
}
{
  service: 'user-service',
  errno: undefined,
  code: 'ECONNREFUSED',
  syscall: 'querySrv',
  hostname: '_mongodb._tcp.cluster0.nnn0vgn.mongodb.net',
  level: 'error',
  message: 'Failed to connet to database querySrv ECONNREFUSED _mongodb._tcp.cluster0.nnn0vgn.mongodb.net',
  stack: 'Error: querySrv ECONNREFUSED _mongodb._tcp.cluster0.nnn0vgn.mongodb.net\n' +
    '    at QueryReqWrap.onresolve [as oncomplete] (node:internal/dns/promises:252:17)',
  label: '❗ error',
  timestamp: '2023-06-05T16:53:09.635Z'
}
